SF:lib/screens/dashboard_widget.dart
DA:5,2
DA:6,2
DA:15,2
DA:17,2
DA:18,2
DA:19,6
LF:6
LH:6
end_of_record
SF:lib/screens/notification_widget.dart
DA:4,2
DA:6,2
DA:7,2
DA:8,2
LF:4
LH:4
end_of_record
SF:lib/components/floating_camera_widget.dart
DA:9,1
DA:10,1
DA:16,0
DA:17,0
DA:18,0
DA:19,0
DA:21,0
DA:26,0
DA:27,0
DA:28,0
DA:29,0
DA:31,0
DA:36,1
DA:38,1
DA:40,2
DA:41,1
DA:42,1
DA:43,1
DA:44,2
DA:45,1
DA:47,1
DA:48,1
DA:49,1
DA:50,2
DA:51,1
DA:53,1
LF:26
LH:16
end_of_record
SF:lib/screens/list_view_widget.dart
DA:11,1
DA:13,1
DA:14,1
DA:22,1
DA:24,1
DA:25,5
DA:28,1
DA:30,2
DA:32,1
DA:35,1
DA:37,1
DA:38,0
DA:39,0
DA:40,0
DA:41,1
DA:42,1
DA:43,1
DA:45,1
DA:46,1
DA:47,1
DA:48,1
DA:49,1
DA:52,1
DA:53,1
DA:58,0
DA:59,0
DA:64,0
DA:65,0
DA:66,0
DA:67,0
DA:68,0
DA:69,0
DA:70,0
DA:71,0
DA:72,0
DA:79,0
DA:81,1
DA:82,1
DA:85,1
DA:87,2
DA:89,1
DA:91,2
DA:93,1
DA:95,2
DA:99,2
DA:103,1
DA:108,0
DA:109,0
DA:114,0
DA:115,0
DA:116,0
DA:117,0
DA:118,0
DA:119,0
DA:120,0
DA:121,0
DA:122,0
DA:129,0
DA:131,1
DA:132,1
DA:135,1
DA:137,2
DA:139,1
DA:141,2
DA:143,1
DA:145,2
DA:149,2
DA:153,1
DA:158,0
DA:159,0
DA:164,0
DA:165,0
DA:166,0
DA:167,0
DA:168,0
DA:169,0
DA:170,0
DA:171,0
DA:172,0
DA:179,0
DA:181,1
DA:182,1
DA:184,2
DA:186,1
DA:188,2
DA:190,1
DA:192,2
DA:196,2
DA:200,1
DA:205,0
DA:206,0
DA:211,0
DA:212,0
DA:213,0
DA:214,0
DA:215,0
DA:216,0
DA:217,0
DA:218,0
DA:219,0
DA:226,0
DA:228,1
DA:229,1
DA:231,2
DA:233,1
DA:235,2
DA:237,1
DA:239,2
DA:243,2
LF:109
LH:58
end_of_record
SF:lib/screens/tab_view_widget.dart
DA:11,1
DA:13,1
DA:15,1
DA:17,1
DA:19,1
DA:20,1
DA:21,0
DA:23,0
DA:28,1
DA:30,1
DA:31,1
DA:34,1
DA:35,1
DA:36,1
DA:37,1
DA:38,1
DA:39,1
DA:40,1
DA:42,1
DA:43,1
DA:44,1
DA:45,1
DA:46,1
DA:47,1
DA:49,1
DA:50,1
DA:51,1
DA:52,1
DA:53,1
DA:54,1
DA:59,3
DA:60,1
DA:61,1
DA:62,1
DA:64,1
LF:35
LH:33
end_of_record
SF:lib/components/data_text_form_widget.dart
DA:8,0
DA:17,0
DA:18,0
DA:24,0
DA:26,0
DA:27,0
DA:30,0
DA:32,0
DA:33,0
DA:35,0
DA:36,0
DA:39,0
DA:41,0
DA:43,0
DA:46,0
DA:48,0
DA:51,0
DA:52,0
DA:53,0
DA:54,0
DA:55,0
DA:56,0
DA:59,0
DA:62,0
DA:64,0
DA:65,0
DA:66,0
DA:67,0
DA:68,0
DA:71,0
DA:72,0
DA:75,0
DA:76,0
DA:79,0
DA:81,0
DA:82,0
DA:83,0
DA:86,0
DA:87,0
DA:89,0
DA:92,0
DA:93,0
DA:94,0
DA:95,0
DA:98,0
DA:103,0
DA:105,0
DA:106,0
DA:107,0
DA:108,0
DA:109,0
DA:111,0
DA:112,0
DA:113,0
DA:114,0
DA:118,0
DA:120,0
DA:121,0
DA:122,0
DA:123,0
DA:124,0
DA:125,0
DA:128,0
DA:130,0
DA:131,0
DA:132,0
DA:133,0
DA:136,0
DA:138,0
DA:139,0
DA:141,0
DA:144,0
DA:146,0
DA:147,0
DA:149,0
DA:152,0
DA:155,0
DA:156,0
DA:157,0
DA:163,0
DA:164,0
DA:169,0
DA:170,0
DA:171,0
DA:174,0
DA:175,0
DA:176,0
DA:183,0
DA:184,0
DA:185,0
DA:186,0
DA:187,0
DA:190,0
DA:191,0
DA:194,0
DA:196,0
DA:197,0
DA:198,0
DA:200,0
DA:204,0
LF:100
LH:0
end_of_record
SF:lib/models/data_text_form_model.dart
DA:15,0
DA:18,0
DA:20,0
DA:21,0
LF:4
LH:0
end_of_record
SF:lib/models/list_view_model.dart
DA:12,1
DA:15,1
DA:17,2
LF:3
LH:3
end_of_record
SF:lib/models/tab_view_model.dart
DA:16,0
DA:19,0
DA:21,0
DA:22,0
LF:4
LH:0
end_of_record
