TN:
SF:lib/components/appbar_widget.dart
FNF:0
FNH:0
DA:5,7
DA:6,7
DA:7,7
DA:8,21
DA:12,7
DA:13,7
DA:14,14
DA:16,7
DA:17,7
DA:18,7
DA:19,7
DA:20,7
DA:22,21
DA:30,7
DA:31,7
DA:32,7
DA:35,21
DA:42,7
DA:44,14
DA:46,7
DA:47,7
DA:48,7
DA:49,7
DA:50,7
DA:51,7
DA:53,1
DA:54,1
LF:27
LH:27
end_of_record
TN:
SF:lib/components/audio_recorder.dart
FNF:0
FNH:0
DA:11,2
DA:13,2
DA:14,2
DA:25,2
DA:27,2
DA:29,2
DA:30,2
DA:31,2
DA:32,2
DA:33,2
DA:34,2
DA:35,2
DA:36,2
DA:37,4
DA:38,1
DA:39,1
DA:41,1
DA:42,1
DA:43,1
DA:44,1
DA:48,1
DA:51,1
DA:52,1
DA:53,1
DA:57,1
DA:58,1
DA:59,2
DA:60,0
DA:61,0
DA:64,0
DA:65,0
DA:66,0
DA:67,0
DA:68,0
DA:71,0
DA:72,0
DA:73,0
DA:74,0
DA:75,0
DA:76,0
DA:80,1
DA:81,1
DA:82,0
DA:83,0
DA:84,0
DA:85,0
DA:89,1
DA:90,1
DA:92,1
DA:93,1
DA:94,0
DA:95,0
DA:100,1
DA:101,1
DA:102,1
DA:103,1
DA:104,1
DA:105,1
DA:110,1
DA:111,0
DA:114,0
DA:115,0
DA:116,0
DA:117,0
DA:119,0
DA:120,0
DA:121,0
DA:122,0
DA:123,0
DA:126,0
DA:127,0
DA:129,0
DA:131,0
DA:132,0
DA:133,0
DA:135,0
DA:137,0
DA:139,0
DA:140,0
DA:141,0
DA:142,0
DA:143,0
DA:144,0
DA:145,0
DA:146,0
DA:148,0
DA:149,0
DA:151,0
DA:152,0
DA:154,0
DA:163,2
DA:164,2
DA:167,2
DA:168,2
DA:169,2
DA:170,2
DA:171,2
DA:172,2
DA:173,2
DA:174,4
DA:175,2
DA:176,2
DA:181,1
DA:182,2
DA:183,0
DA:185,1
DA:187,1
DA:188,2
DA:192,2
DA:194,4
DA:195,4
DA:196,2
LF:112
LH:61
end_of_record
TN:
SF:lib/components/confirmation_dialog_widget.dart
FNF:0
FNH:0
DA:3,1
DA:11,1
DA:13,1
DA:14,1
DA:15,1
DA:16,1
DA:17,1
DA:18,1
DA:19,1
DA:20,1
DA:21,2
DA:24,1
DA:25,1
DA:26,1
DA:27,1
DA:28,2
LF:16
LH:16
end_of_record
TN:
SF:lib/components/data_text_form_widget.dart
FNF:0
FNH:0
DA:15,2
DA:24,2
DA:25,2
DA:37,0
DA:39,0
DA:40,0
DA:43,2
DA:45,2
DA:46,10
DA:48,6
DA:49,6
DA:52,2
DA:54,4
DA:56,2
DA:59,2
DA:61,2
DA:62,2
DA:63,2
DA:65,4
DA:66,4
DA:68,4
DA:69,4
DA:70,4
DA:71,2
DA:72,4
DA:74,0
DA:75,0
DA:77,2
DA:78,8
DA:80,2
DA:83,2
DA:84,2
DA:86,1
DA:87,2
DA:93,2
DA:94,2
DA:95,2
DA:98,2
DA:99,2
DA:100,2
DA:101,2
DA:102,2
DA:103,2
DA:106,2
DA:109,2
DA:111,2
DA:112,2
DA:113,2
DA:114,2
DA:115,2
DA:118,2
DA:119,2
DA:122,2
DA:123,2
DA:126,2
DA:128,2
DA:129,2
DA:130,2
DA:133,2
DA:134,4
DA:136,2
DA:139,2
DA:140,2
DA:141,2
DA:143,4
DA:144,2
DA:147,2
DA:148,2
DA:149,2
DA:154,2
DA:155,2
DA:157,2
DA:158,2
DA:159,2
DA:160,2
DA:161,2
DA:162,2
DA:164,2
DA:165,4
DA:166,4
DA:170,2
DA:173,2
DA:174,2
DA:175,2
DA:176,2
DA:178,2
DA:179,2
DA:183,2
DA:185,2
DA:186,2
DA:188,2
DA:189,2
DA:193,2
DA:195,2
DA:196,2
DA:198,2
DA:199,2
DA:203,2
DA:206,2
DA:207,2
DA:209,2
DA:210,2
DA:214,2
DA:217,2
DA:218,2
DA:219,2
DA:225,1
DA:226,1
DA:234,2
DA:235,2
DA:236,4
DA:239,2
DA:240,2
DA:241,2
DA:248,2
DA:250,2
DA:251,2
DA:253,2
DA:254,2
DA:255,2
DA:257,2
DA:259,4
DA:260,2
DA:261,2
DA:263,0
DA:264,0
DA:265,0
DA:268,0
DA:270,0
DA:271,0
DA:275,0
DA:276,0
DA:277,0
DA:278,0
DA:279,0
DA:281,0
DA:283,0
DA:287,2
DA:289,2
DA:290,2
DA:291,2
DA:293,2
DA:295,4
DA:296,2
DA:297,2
DA:299,0
DA:300,0
DA:301,0
DA:305,0
DA:306,0
DA:307,0
DA:308,0
DA:309,0
DA:311,0
DA:313,0
DA:319,2
DA:320,2
DA:321,2
DA:322,1
DA:323,3
DA:325,1
DA:327,4
DA:329,1
DA:335,1
DA:337,1
DA:338,1
DA:341,1
DA:342,1
DA:343,0
DA:344,0
DA:357,0
DA:361,2
DA:362,6
DA:364,2
DA:367,2
DA:368,4
DA:370,4
DA:372,2
DA:376,2
LF:179
LH:148
end_of_record
TN:
SF:lib/components/drawer_widget.dart
FNF:0
FNH:0
DA:6,0
DA:7,0
DA:13,1
DA:15,2
DA:16,1
DA:17,1
DA:18,1
DA:20,1
DA:21,1
DA:22,1
DA:25,1
DA:26,1
DA:27,1
DA:28,1
DA:40,0
DA:45,1
DA:46,1
DA:47,1
DA:48,1
DA:50,1
DA:53,1
DA:54,1
DA:55,1
DA:56,0
DA:57,0
DA:59,1
DA:60,1
DA:61,1
DA:62,0
DA:63,0
DA:65,1
DA:66,1
DA:67,1
DA:68,0
DA:70,0
DA:72,0
DA:73,0
LF:37
LH:26
end_of_record
TN:
SF:lib/components/floating_camera_widget.dart
FNF:0
FNH:0
DA:8,4
DA:9,4
DA:13,4
DA:15,4
DA:16,1
DA:17,1
DA:19,4
DA:20,8
DA:21,4
DA:22,4
DA:23,12
DA:28,4
DA:30,4
DA:33,8
LF:14
LH:14
end_of_record
TN:
SF:lib/components/hazard_type_question.dart
FNF:0
FNH:0
DA:9,2
DA:11,2
DA:12,2
DA:19,4
DA:21,2
DA:23,2
DA:24,6
DA:27,2
DA:29,2
DA:30,4
DA:31,2
DA:35,2
DA:37,2
DA:39,2
DA:40,2
DA:41,2
DA:42,4
DA:44,8
DA:45,2
DA:46,2
DA:47,2
DA:48,4
DA:49,2
DA:51,4
DA:52,2
DA:53,2
DA:54,4
DA:55,4
DA:57,8
LF:29
LH:29
end_of_record
TN:
SF:lib/main.dart
FNF:0
FNH:0
DA:13,0
DA:15,0
DA:16,0
DA:17,0
DA:18,0
DA:19,0
DA:20,0
DA:23,0
DA:24,0
DA:25,0
DA:26,0
DA:27,0
DA:28,0
DA:29,0
DA:30,0
DA:31,0
DA:32,0
DA:36,0
DA:39,1
DA:41,1
DA:43,1
DA:46,1
DA:47,2
DA:55,0
DA:57,0
LF:25
LH:5
end_of_record
TN:
SF:lib/models/auth_model.dart
FNF:0
FNH:0
DA:16,0
DA:18,0
DA:19,0
DA:20,0
DA:21,0
DA:28,2
DA:30,4
DA:31,4
DA:32,4
LF:9
LH:4
end_of_record
TN:
SF:lib/models/data_text_form_model.dart
FNF:0
FNH:0
DA:15,3
DA:18,3
DA:20,6
DA:21,6
LF:4
LH:4
end_of_record
TN:
SF:lib/models/hazard_data_model.dart
FNF:0
FNH:0
DA:9,2
LF:1
LH:1
end_of_record
TN:
SF:lib/models/list_view_model.dart
FNF:0
FNH:0
DA:12,2
DA:15,2
DA:17,4
LF:3
LH:3
end_of_record
TN:
SF:lib/models/user_data_model.dart
FNF:0
FNH:0
DA:16,4
LF:1
LH:1
end_of_record
TN:
SF:lib/models/weather_data_model.dart
FNF:0
FNH:0
DA:10,1
DA:17,1
LF:2
LH:2
end_of_record
TN:
SF:lib/routes/app_routes.dart
FNF:0
FNH:0
DA:18,4
DA:19,4
DA:20,0
DA:21,0
DA:24,0
DA:25,0
DA:26,0
DA:27,0
DA:28,0
DA:29,0
LF:10
LH:2
end_of_record
TN:
SF:lib/screens/about_us_widget.dart
FNF:0
FNH:0
DA:5,1
DA:7,1
DA:8,1
DA:9,1
DA:11,1
DA:13,1
DA:14,1
DA:19,1
DA:21,1
DA:23,1
LF:10
LH:10
end_of_record
TN:
SF:lib/screens/auth_widget.dart
FNF:0
FNH:0
DA:22,3
DA:24,3
DA:25,3
DA:37,3
DA:39,3
DA:40,6
DA:41,9
DA:42,9
DA:46,6
DA:59,1
DA:60,1
DA:61,4
DA:63,1
DA:64,0
DA:65,0
DA:68,0
DA:70,0
DA:71,0
DA:72,0
DA:75,0
DA:76,0
DA:79,0
DA:80,0
DA:83,0
DA:86,0
DA:87,0
DA:88,0
DA:89,0
DA:91,0
DA:100,0
DA:101,0
DA:102,0
DA:103,0
DA:105,0
DA:106,0
DA:107,0
DA:108,0
DA:109,0
DA:110,0
DA:111,0
DA:112,0
DA:113,0
DA:114,0
DA:115,0
DA:116,0
DA:126,2
DA:128,4
DA:130,2
DA:133,3
DA:136,6
DA:137,6
DA:138,3
DA:139,3
DA:140,0
DA:141,0
DA:142,0
DA:143,3
DA:144,3
DA:145,3
DA:147,3
DA:149,3
DA:150,3
DA:151,3
DA:152,3
DA:153,3
DA:157,3
DA:158,3
DA:160,3
DA:162,3
DA:164,3
DA:170,3
DA:171,2
DA:172,4
DA:173,0
DA:177,3
DA:181,3
DA:184,3
DA:185,3
DA:187,3
DA:194,3
DA:197,3
DA:198,3
DA:199,3
DA:202,3
DA:203,3
DA:205,3
DA:206,3
DA:207,3
DA:209,3
DA:214,3
DA:216,3
DA:217,3
DA:218,3
DA:220,6
DA:228,3
DA:229,3
DA:230,3
DA:233,9
DA:235,3
DA:241,3
DA:243,3
DA:244,0
DA:246,0
DA:247,0
DA:250,0
DA:252,0
DA:254,3
DA:259,3
DA:260,3
DA:262,3
DA:265,3
DA:267,3
DA:272,3
DA:274,3
DA:278,3
DA:279,3
DA:280,6
DA:283,3
DA:285,3
DA:286,3
DA:287,3
DA:290,3
DA:292,3
DA:293,3
DA:294,3
DA:297,3
DA:299,3
DA:300,3
DA:301,3
DA:304,3
DA:309,3
DA:317,3
DA:318,3
DA:319,3
DA:324,2
DA:326,3
DA:329,3
DA:331,3
DA:332,6
DA:333,3
DA:339,3
DA:340,3
LF:142
LH:101
end_of_record
TN:
SF:lib/screens/contact_us_widget.dart
FNF:0
FNH:0
DA:10,1
DA:12,1
DA:14,1
DA:15,1
DA:16,2
DA:17,1
DA:18,1
DA:19,2
DA:20,1
DA:21,1
DA:22,1
DA:23,1
DA:26,1
DA:27,1
DA:28,1
DA:29,1
DA:31,1
DA:32,3
DA:35,1
DA:36,1
DA:37,1
DA:38,1
DA:39,1
DA:41,1
DA:42,1
DA:43,1
DA:45,1
DA:47,1
DA:48,1
DA:49,1
DA:50,1
DA:51,1
DA:52,1
DA:55,1
DA:56,1
DA:57,1
DA:58,1
DA:59,1
DA:62,1
DA:63,1
DA:64,1
DA:65,1
DA:66,1
DA:74,0
DA:75,0
DA:76,0
DA:78,0
DA:79,0
DA:87,1
DA:90,2
LF:50
LH:45
end_of_record
TN:
SF:lib/screens/event_report_widget.dart
FNF:0
FNH:0
DA:21,1
DA:23,1
DA:24,1
DA:31,0
DA:32,0
DA:33,0
DA:37,1
DA:39,3
DA:40,2
DA:42,6
DA:44,0
DA:49,1
DA:51,3
DA:53,2
DA:54,4
DA:62,1
DA:63,1
DA:64,1
DA:65,1
DA:66,1
DA:67,1
DA:68,1
DA:71,1
DA:72,1
DA:73,1
DA:74,1
DA:76,1
DA:77,1
DA:78,1
DA:79,2
DA:81,2
DA:83,1
DA:84,1
DA:87,1
DA:88,1
DA:89,1
DA:90,1
DA:91,1
DA:92,1
DA:93,1
DA:94,1
DA:96,2
DA:97,1
DA:98,1
DA:100,1
DA:101,1
DA:102,1
DA:104,1
DA:105,1
DA:106,1
DA:107,1
DA:108,1
DA:109,1
DA:110,1
DA:112,2
DA:114,1
DA:115,1
DA:117,1
DA:118,1
DA:119,1
DA:122,1
DA:123,1
DA:124,1
DA:125,1
DA:126,1
DA:127,2
DA:128,1
DA:129,1
DA:130,2
DA:131,3
DA:132,1
DA:133,1
DA:134,1
DA:138,3
DA:139,1
DA:140,1
DA:146,1
DA:148,1
DA:150,1
DA:155,1
DA:159,0
DA:162,0
DA:163,0
DA:164,0
DA:165,0
DA:166,0
DA:167,0
DA:168,0
DA:169,0
DA:170,0
DA:171,0
DA:174,0
DA:175,0
DA:180,1
DA:181,1
DA:184,1
DA:188,1
DA:189,2
DA:190,1
DA:191,1
DA:193,1
DA:194,1
DA:197,1
DA:202,1
DA:203,1
DA:204,1
DA:205,1
DA:206,1
DA:207,1
DA:208,2
DA:209,2
DA:211,1
DA:212,1
DA:214,1
DA:215,2
DA:216,1
DA:217,1
DA:219,2
DA:221,1
DA:222,1
DA:223,2
DA:229,2
DA:231,0
DA:233,0
DA:235,0
DA:236,0
DA:237,0
DA:246,1
DA:247,3
DA:249,1
DA:250,1
DA:251,2
DA:252,2
DA:254,1
DA:258,1
DA:268,1
DA:271,1
LF:137
LH:115
end_of_record
TN:
SF:lib/screens/home_page_widget.dart
FNF:0
FNH:0
DA:16,2
DA:18,2
DA:19,2
DA:27,2
DA:29,2
DA:30,10
DA:33,2
DA:35,4
DA:37,2
DA:40,2
DA:42,2
DA:43,2
DA:44,2
DA:45,2
DA:46,4
DA:47,2
DA:48,2
DA:49,2
DA:50,2
DA:51,4
DA:53,2
DA:54,0
DA:55,0
DA:56,0
DA:57,2
DA:58,2
DA:59,2
DA:60,2
DA:61,2
DA:63,2
DA:64,2
DA:65,2
DA:66,2
DA:67,2
DA:68,2
DA:75,2
DA:76,2
DA:81,2
DA:82,2
DA:87,2
DA:88,2
DA:89,0
DA:90,0
DA:91,0
DA:92,0
DA:93,0
DA:94,2
DA:96,2
DA:97,2
DA:104,5
DA:106,2
DA:109,2
DA:111,2
DA:112,2
DA:114,2
DA:115,2
DA:117,2
DA:119,2
DA:120,2
DA:124,2
DA:125,2
DA:127,2
DA:133,2
DA:138,0
DA:139,0
DA:144,0
DA:145,0
DA:146,0
DA:147,0
DA:148,0
DA:149,0
DA:150,0
DA:151,0
DA:153,0
DA:154,0
DA:161,0
DA:163,2
DA:166,2
DA:168,2
DA:169,2
DA:171,2
DA:172,2
DA:174,2
DA:176,2
DA:177,2
DA:181,2
DA:182,2
DA:184,2
DA:190,2
DA:195,0
DA:196,0
DA:201,0
DA:202,0
DA:203,0
DA:204,0
DA:205,0
DA:206,0
DA:207,0
DA:208,0
DA:210,0
DA:211,0
DA:218,0
DA:220,2
DA:223,2
DA:225,2
DA:226,2
DA:228,2
DA:229,2
DA:231,2
DA:233,2
DA:234,2
DA:238,2
DA:239,2
DA:241,2
DA:247,2
DA:252,0
DA:253,0
DA:258,0
DA:259,0
DA:260,0
DA:261,0
DA:262,0
DA:263,0
DA:264,0
DA:265,0
DA:267,0
DA:268,0
DA:275,0
DA:277,2
DA:280,2
DA:282,2
DA:283,2
DA:285,2
DA:286,2
DA:288,2
DA:290,2
DA:291,2
DA:295,2
DA:296,2
DA:298,2
DA:309,2
DA:312,2
DA:313,0
DA:315,4
LF:144
LH:96
end_of_record
TN:
SF:lib/screens/notification_widget.dart
FNF:0
FNH:0
DA:6,1
DA:8,1
DA:9,1
DA:10,1
DA:11,1
DA:13,1
LF:6
LH:6
end_of_record
TN:
SF:lib/screens/otp_input_widget.dart
FNF:0
FNH:0
DA:7,1
DA:8,1
DA:13,2
DA:14,2
DA:17,1
DA:19,2
DA:20,1
DA:22,2
DA:23,1
DA:25,1
DA:28,1
DA:29,1
DA:30,4
DA:31,0
DA:32,0
DA:36,1
DA:39,5
DA:41,2
DA:42,3
DA:43,3
DA:45,1
DA:46,2
DA:51,1
DA:53,1
DA:54,2
DA:55,1
DA:56,1
DA:58,2
DA:59,1
DA:61,1
DA:62,2
DA:63,2
DA:64,1
DA:65,2
DA:66,1
DA:67,0
DA:68,0
DA:70,1
DA:71,1
DA:75,1
DA:77,1
LF:41
LH:37
end_of_record
TN:
SF:lib/screens/user_profile_widget.dart
FNF:0
FNH:0
DA:17,2
DA:18,2
DA:25,2
DA:27,2
DA:28,2
DA:29,2
DA:30,2
DA:31,2
DA:32,2
DA:33,2
DA:34,2
DA:35,2
DA:36,1
DA:38,1
DA:40,2
DA:41,4
DA:42,4
DA:43,1
DA:44,1
DA:45,2
DA:46,1
DA:47,0
DA:48,1
DA:49,2
DA:50,1
DA:52,0
DA:53,0
DA:54,0
DA:55,0
DA:56,0
DA:57,0
DA:58,0
DA:60,0
DA:61,0
DA:66,1
DA:68,1
DA:69,2
DA:70,1
DA:72,1
DA:73,1
DA:74,2
DA:75,2
DA:76,1
DA:77,1
DA:78,2
DA:79,1
DA:80,1
DA:81,1
DA:82,2
DA:83,2
DA:84,1
DA:85,1
DA:87,1
DA:88,1
DA:90,1
DA:91,1
DA:92,1
DA:94,1
DA:95,1
DA:97,1
DA:98,1
DA:99,1
DA:100,1
DA:102,1
DA:103,1
DA:106,2
DA:107,1
DA:108,1
DA:110,1
DA:111,1
DA:114,2
DA:115,1
DA:117,1
DA:118,1
DA:120,1
DA:121,1
DA:122,1
DA:123,1
DA:125,1
DA:126,1
DA:128,2
DA:129,1
DA:130,1
DA:132,1
DA:133,1
DA:135,1
DA:136,1
DA:137,1
DA:138,1
DA:139,1
DA:140,2
DA:143,1
DA:144,0
DA:146,1
DA:147,1
DA:150,1
LF:96
LH:85
end_of_record
